<?xml version="1.0" encoding="UTF-8"?><testsuite errors="1" failures="0" name="in.co.gorest.allusersinfo.AllUsersCRUDTest" skipped="0" tests="4" time="6.46" timestamp="2022-06-20T23:49:33.602+01:00[Europe/London]"><testcase classname="in.co.gorest.allusersinfo.AllUsersCRUDTest" name="This will create a new user"/><testcase classname="in.co.gorest.allusersinfo.AllUsersCRUDTest" name="Verify if the user was added to the application for name = Dexter Maniac"><error message="Index: 0, Size: 0" type="java.lang.IllegalArgumentException">Index: 0, Size: 0</error><system-err>Index: 0, Size: 0&#13;
io.restassured.internal.path.json.JSONAssertion.getAsJsonObject(JSONAssertion.groovy:57)&#13;
io.restassured.internal.path.json.JSONAssertion.getResult(JSONAssertion.groovy:28)&#13;
io.restassured.path.json.JsonPath.get(JsonPath.java:202)&#13;
io.restassured.internal.RestAssuredResponseOptionsGroovyImpl.path(RestAssuredResponseOptionsGroovyImpl.groovy:398)&#13;
io.restassured.internal.RestAssuredResponseOptionsImpl.path(RestAssuredResponseOptionsImpl.java:200)&#13;
in.co.gorest.allusersinfo.UserSteps.getUserInfoByFirstName(UserSteps.java:43)&#13;
in.co.gorest.allusersinfo.AllUsersCRUDTest.test002(AllUsersCRUDTest.java:39)&#13;
</system-err></testcase><testcase classname="in.co.gorest.allusersinfo.AllUsersCRUDTest" name="Update the user information and verify the updated information for ID = 6607"/><testcase classname="in.co.gorest.allusersinfo.AllUsersCRUDTest" name="Delete the user and verify if the user is deleted! for ID = 6607"/></testsuite>